<?xml version="1.0" encoding="UTF-8"?>
<robot generator="Robot 6.1.1 (Python 3.11.4 on win32)" generated="20230831 00:52:31.495" rpa="false" schemaversion="4">
<suite id="s1" name="Exercicio3" source="C:\Users\admin\Robot\Exercicio Youtube\Exercicio3.robot">
<test id="s1-t1" name="Cenario 1: Executar video no site do Youtube" line="43">
<kw name="Dado que o usuario acesse o site do Youtube">
<kw name="Open Browser" library="SeleniumLibrary">
<arg>${URL}</arg>
<arg>${Browser}</arg>
<doc>Opens a new browser instance to the optional ``url``.</doc>
<msg timestamp="20230831 00:52:31.650" level="INFO">Opening browser 'chrome' to base url 'https://www.youtube.com/'.</msg>
<status status="PASS" starttime="20230831 00:52:31.650" endtime="20230831 00:52:35.828"/>
</kw>
<status status="PASS" starttime="20230831 00:52:31.649" endtime="20230831 00:52:35.828"/>
</kw>
<kw name="Quando digitar o nome da musica">
<kw name="Input Text" library="SeleniumLibrary">
<arg>${input_search}</arg>
<arg>${nome_musica}</arg>
<doc>Types the given ``text`` into the text field identified by ``locator``.</doc>
<msg timestamp="20230831 00:52:35.830" level="INFO">Typing text 'Amanhecer bk' into text field '//input[@id="search"]'.</msg>
<status status="PASS" starttime="20230831 00:52:35.830" endtime="20230831 00:52:36.084"/>
</kw>
<status status="PASS" starttime="20230831 00:52:35.829" endtime="20230831 00:52:36.084"/>
</kw>
<kw name="E clicar no botão buscar">
<kw name="Click Button" library="SeleniumLibrary">
<arg>${button_search}</arg>
<doc>Clicks the button identified by ``locator``.</doc>
<msg timestamp="20230831 00:52:36.085" level="INFO">Clicking button '//button[@id="search-icon-legacy"]'.</msg>
<status status="PASS" starttime="20230831 00:52:36.084" endtime="20230831 00:52:36.200"/>
</kw>
<status status="PASS" starttime="20230831 00:52:36.084" endtime="20230831 00:52:36.200"/>
</kw>
<kw name="E clicar na primeira opção da lista">
<kw name="Wait Until Element Is Visible" library="SeleniumLibrary">
<arg>${first_video}</arg>
<arg>10</arg>
<doc>Waits until the element ``locator`` is visible.</doc>
<status status="PASS" starttime="20230831 00:52:36.201" endtime="20230831 00:52:37.414"/>
</kw>
<kw name="Click Element" library="SeleniumLibrary">
<arg>${first_video}</arg>
<doc>Click the element identified by ``locator``.</doc>
<msg timestamp="20230831 00:52:37.415" level="INFO">Clicking element '(//yt-formatted-string[@class="style-scope ytd-video-renderer"])[1]'.</msg>
<status status="PASS" starttime="20230831 00:52:37.414" endtime="20230831 00:52:37.568"/>
</kw>
<status status="PASS" starttime="20230831 00:52:36.201" endtime="20230831 00:52:37.568"/>
</kw>
<kw name="Então o vídeo é executado">
<kw name="Wait Until Element Is Visible" library="SeleniumLibrary">
<arg>${confirm}</arg>
<arg>10</arg>
<doc>Waits until the element ``locator`` is visible.</doc>
<status status="PASS" starttime="20230831 00:52:37.568" endtime="20230831 00:52:38.662"/>
</kw>
<kw name="Element Should Be Visible" library="SeleniumLibrary">
<arg>${confirm}</arg>
<doc>Verifies that the element identified by ``locator`` is visible.</doc>
<msg timestamp="20230831 00:52:38.771" level="INFO">Element '(//button[@class="yt-spec-button-shape-next yt-spec-button-shape-next--tonal yt-spec-button-shape-next--mono yt-spec-button-shape-next--size-m yt-spec-button-shape-next--icon-leading yt-spec-button-shape-next--segmented-start "])[1]' is displayed.</msg>
<status status="PASS" starttime="20230831 00:52:38.662" endtime="20230831 00:52:38.771"/>
</kw>
<kw name="Sleep" library="BuiltIn">
<arg>10s</arg>
<doc>Pauses the test executed for the given time.</doc>
<msg timestamp="20230831 00:52:48.771" level="INFO">Slept 10 seconds</msg>
<status status="PASS" starttime="20230831 00:52:38.771" endtime="20230831 00:52:48.771"/>
</kw>
<status status="PASS" starttime="20230831 00:52:37.568" endtime="20230831 00:52:48.771"/>
</kw>
<status status="PASS" starttime="20230831 00:52:31.649" endtime="20230831 00:52:48.772"/>
</test>
<status status="PASS" starttime="20230831 00:52:31.496" endtime="20230831 00:52:48.774"/>
</suite>
<statistics>
<total>
<stat pass="1" fail="0" skip="0">All Tests</stat>
</total>
<tag>
</tag>
<suite>
<stat pass="1" fail="0" skip="0" id="s1" name="Exercicio3">Exercicio3</stat>
</suite>
</statistics>
<errors>
</errors>
</robot>
